0 info it worked if it ends with ok
1 verbose cli [ '/usr/local/Cellar/node/6.7.0/bin/node',
1 verbose cli   '/usr/local/bin/npm',
1 verbose cli   'start' ]
2 info using npm@3.10.7
3 info using node@v6.7.0
4 verbose run-script [ 'prestart', 'start', 'poststart' ]
5 info lifecycle react-example@1.0.0~prestart: react-example@1.0.0
6 silly lifecycle react-example@1.0.0~prestart: no script for prestart, continuing
7 info lifecycle react-example@1.0.0~start: react-example@1.0.0
8 verbose lifecycle react-example@1.0.0~start: unsafe-perm in lifecycle true
9 verbose lifecycle react-example@1.0.0~start: PATH: /usr/local/lib/node_modules/npm/bin/node-gyp-bin:/Users/Jamie/Desktop/TheLowDwn/node_modules/.bin:/usr/local/Cellar/node/6.7.0/bin:/usr/local/bin:/usr/bin:/bin:/usr/sbin:/sbin:/usr/local/share/dotnet
10 verbose lifecycle react-example@1.0.0~start: CWD: /Users/Jamie/Desktop/TheLowDwn
11 silly lifecycle react-example@1.0.0~start: Args: [ '-c', 'nodemon server.js & webpack -w' ]
12 silly lifecycle react-example@1.0.0~start: Returned: code: 255  signal: null
13 info lifecycle react-example@1.0.0~start: Failed to exec start script
14 verbose stack Error: react-example@1.0.0 start: `nodemon server.js & webpack -w`
14 verbose stack Exit status 255
14 verbose stack     at EventEmitter.<anonymous> (/usr/local/lib/node_modules/npm/lib/utils/lifecycle.js:255:16)
14 verbose stack     at emitTwo (events.js:106:13)
14 verbose stack     at EventEmitter.emit (events.js:191:7)
14 verbose stack     at ChildProcess.<anonymous> (/usr/local/lib/node_modules/npm/lib/utils/spawn.js:40:14)
14 verbose stack     at emitTwo (events.js:106:13)
14 verbose stack     at ChildProcess.emit (events.js:191:7)
14 verbose stack     at maybeClose (internal/child_process.js:877:16)
14 verbose stack     at Process.ChildProcess._handle.onexit (internal/child_process.js:226:5)
15 verbose pkgid react-example@1.0.0
16 verbose cwd /Users/Jamie/Desktop/TheLowDwn
17 error Darwin 16.5.0
18 error argv "/usr/local/Cellar/node/6.7.0/bin/node" "/usr/local/bin/npm" "start"
19 error node v6.7.0
20 error npm  v3.10.7
21 error code ELIFECYCLE
22 error react-example@1.0.0 start: `nodemon server.js & webpack -w`
22 error Exit status 255
23 error Failed at the react-example@1.0.0 start script 'nodemon server.js & webpack -w'.
23 error Make sure you have the latest version of node.js and npm installed.
23 error If you do, this is most likely a problem with the react-example package,
23 error not with npm itself.
23 error Tell the author that this fails on your system:
23 error     nodemon server.js & webpack -w
23 error You can get information on how to open an issue for this project with:
23 error     npm bugs react-example
23 error Or if that isn't available, you can get their info via:
23 error     npm owner ls react-example
23 error There is likely additional logging output above.
24 verbose exit [ 1, true ]
